info:  Game: ReShade_Setup_4.9.1 (1).exe
info:  DXVK: v1.9.1-4-g653d9aa8
info:  Built-in extension providers:
info:    Win32 WSI
info:    OpenVR
info:    OpenXR
info:  OpenVR: could not open registry key, status 2
warn:  OpenVR: Failed to locate module
info:  Enabled instance extensions:
info:    VK_KHR_surface
info:    VK_KHR_win32_surface
warn:  Skipping Vulkan 1.0 adapter: llvmpipe (LLVM 11.0.1, 256 bits)
warn:  D3D9: VK_FORMAT_D16_UNORM_S8_UINT -> VK_FORMAT_D24_UNORM_S8_UINT
info:  NVIDIA GeForce RTX 2060:
info:    Driver: 470.57.2
info:    Vulkan: 1.2.175
info:    Memory Heap[0]: 
info:      Size: 6144 MiB
info:      Flags: 0x1
info:      Memory Type[7]: Property Flags = 0x1
info:    Memory Heap[1]: 
info:      Size: 24045 MiB
info:      Flags: 0x0
info:      Memory Type[0]: Property Flags = 0x0
info:      Memory Type[1]: Property Flags = 0x0
info:      Memory Type[2]: Property Flags = 0x0
info:      Memory Type[3]: Property Flags = 0x0
info:      Memory Type[4]: Property Flags = 0x0
info:      Memory Type[5]: Property Flags = 0x0
info:      Memory Type[6]: Property Flags = 0x0
info:      Memory Type[8]: Property Flags = 0x6
info:      Memory Type[9]: Property Flags = 0xe
info:    Memory Heap[2]: 
info:      Size: 246 MiB
info:      Flags: 0x1
info:      Memory Type[10]: Property Flags = 0x7
info:  Process set as DPI aware
info:  Adapter LUID 0: 0:3f3
